============================= test session starts ==============================
platform darwin -- Python 3.14.7, pytest-9.1.1, pluggy-1.6.0
rootdir: /Users/noelsaw/Documents/GitHub Repos/XYZ-forge-gh673-pr-completion
configfile: pytest.ini
collected 39 items

test/flightdeck/test_flightdeck.py ...................                   [ 48%]
test/flightdeck/test_work_status.py ....................                 [100%]

============================== 39 passed in 2.12s ==============================
